0 info it worked if it ends with ok
1 verbose cli [ '/usr/bin/nodejs', '/usr/bin/npm', 'install', '-g', 'topojson' ]
2 info using npm@1.3.10
3 info using node@v0.10.25
4 verbose cache add [ 'topojson', null ]
5 verbose cache add name=undefined spec="topojson" args=["topojson",null]
6 verbose parsed url { protocol: null,
6 verbose parsed url   slashes: null,
6 verbose parsed url   auth: null,
6 verbose parsed url   host: null,
6 verbose parsed url   port: null,
6 verbose parsed url   hostname: null,
6 verbose parsed url   hash: null,
6 verbose parsed url   search: null,
6 verbose parsed url   query: null,
6 verbose parsed url   pathname: 'topojson',
6 verbose parsed url   path: 'topojson',
6 verbose parsed url   href: 'topojson' }
7 silly lockFile 947c2103-topojson topojson
8 verbose lock topojson /home/valmiki/.npm/947c2103-topojson.lock
9 silly lockFile 947c2103-topojson topojson
10 silly lockFile 947c2103-topojson topojson
11 verbose addNamed [ 'topojson', '' ]
12 verbose addNamed [ null, '*' ]
13 silly lockFile 7edf76d6-topojson topojson@
14 verbose lock topojson@ /home/valmiki/.npm/7edf76d6-topojson.lock
15 silly addNameRange { name: 'topojson', range: '*', hasData: false }
16 verbose url raw topojson
17 verbose url resolving [ 'https://registry.npmjs.org/', './topojson' ]
18 verbose url resolved https://registry.npmjs.org/topojson
19 info trying registry request attempt 1 at 13:46:06
20 http GET https://registry.npmjs.org/topojson
21 http 200 https://registry.npmjs.org/topojson
22 silly registry.get cb [ 200,
22 silly registry.get   { server: 'CouchDB/1.5.0 (Erlang OTP/R16B03)',
22 silly registry.get     etag: '"5LRKYQBI96QLWU1EREHWJCG09"',
22 silly registry.get     'content-type': 'application/json',
22 silly registry.get     'cache-control': 'max-age=60',
22 silly registry.get     'content-length': '87224',
22 silly registry.get     'accept-ranges': 'bytes',
22 silly registry.get     date: 'Tue, 09 Jun 2015 17:46:07 GMT',
22 silly registry.get     via: '1.1 varnish',
22 silly registry.get     age: '0',
22 silly registry.get     connection: 'keep-alive',
22 silly registry.get     'x-served-by': 'cache-iad2131-IAD',
22 silly registry.get     'x-cache': 'HIT',
22 silly registry.get     'x-cache-hits': '1',
22 silly registry.get     'x-timer': 'S1433871967.305688,VS0,VE370',
22 silly registry.get     vary: 'Accept' } ]
23 silly addNameRange number 2 { name: 'topojson', range: '*', hasData: true }
24 silly addNameRange versions [ 'topojson',
24 silly addNameRange   [ '0.0.1',
24 silly addNameRange     '0.0.2',
24 silly addNameRange     '0.0.4',
24 silly addNameRange     '0.0.5',
24 silly addNameRange     '0.0.6',
24 silly addNameRange     '0.0.7',
24 silly addNameRange     '0.0.8',
24 silly addNameRange     '0.0.9',
24 silly addNameRange     '0.0.10',
24 silly addNameRange     '0.0.11',
24 silly addNameRange     '0.0.12',
24 silly addNameRange     '0.0.13',
24 silly addNameRange     '0.0.14',
24 silly addNameRange     '0.0.15',
24 silly addNameRange     '0.0.16',
24 silly addNameRange     '0.0.17',
24 silly addNameRange     '0.0.18',
24 silly addNameRange     '0.0.19',
24 silly addNameRange     '0.0.20',
24 silly addNameRange     '0.0.21',
24 silly addNameRange     '0.0.23',
24 silly addNameRange     '0.0.24',
24 silly addNameRange     '0.0.25',
24 silly addNameRange     '0.0.26',
24 silly addNameRange     '0.0.27',
24 silly addNameRange     '0.0.28',
24 silly addNameRange     '0.0.29',
24 silly addNameRange     '0.0.30',
24 silly addNameRange     '0.0.31',
24 silly addNameRange     '0.0.32',
24 silly addNameRange     '0.0.33',
24 silly addNameRange     '0.0.34',
24 silly addNameRange     '0.0.35',
24 silly addNameRange     '0.0.36',
24 silly addNameRange     '0.0.37',
24 silly addNameRange     '0.0.38',
24 silly addNameRange     '0.0.39',
24 silly addNameRange     '1.0.0',
24 silly addNameRange     '1.1.0',
24 silly addNameRange     '1.1.1',
24 silly addNameRange     '1.1.2',
24 silly addNameRange     '1.1.3',
24 silly addNameRange     '1.1.4',
24 silly addNameRange     '1.1.5',
24 silly addNameRange     '1.1.6',
24 silly addNameRange     '1.2.0',
24 silly addNameRange     '1.2.1',
24 silly addNameRange     '1.2.2',
24 silly addNameRange     '1.2.3',
24 silly addNameRange     '1.3.0',
24 silly addNameRange     '1.4.0',
24 silly addNameRange     '1.4.1',
24 silly addNameRange     '1.4.2',
24 silly addNameRange     '1.4.3',
24 silly addNameRange     '1.4.4',
24 silly addNameRange     '1.4.5',
24 silly addNameRange     '1.4.6',
24 silly addNameRange     '1.4.7',
24 silly addNameRange     '1.4.8',
24 silly addNameRange     '1.4.9',
24 silly addNameRange     '1.5.0',
24 silly addNameRange     '1.5.1',
24 silly addNameRange     '1.5.2',
24 silly addNameRange     '1.5.3',
24 silly addNameRange     '1.5.4',
24 silly addNameRange     '1.6.0',
24 silly addNameRange     '1.6.1',
24 silly addNameRange     '1.6.2',
24 silly addNameRange     '1.6.3',
24 silly addNameRange     '1.6.4',
24 silly addNameRange     '1.6.5',
24 silly addNameRange     '1.6.6',
24 silly addNameRange     '1.6.7',
24 silly addNameRange     '1.6.8',
24 silly addNameRange     '1.6.9',
24 silly addNameRange     '1.6.10',
24 silly addNameRange     '1.6.11',
24 silly addNameRange     '1.6.12',
24 silly addNameRange     '1.6.13',
24 silly addNameRange     '1.6.14',
24 silly addNameRange     '1.6.15',
24 silly addNameRange     '1.6.16',
24 silly addNameRange     '1.6.17',
24 silly addNameRange     '1.6.18',
24 silly addNameRange     '1.6.19' ] ]
25 verbose addNamed [ 'topojson', '1.6.19' ]
26 verbose addNamed [ '1.6.19', '1.6.19' ]
27 silly lockFile 36621280-topojson-1-6-19 topojson@1.6.19
28 verbose lock topojson@1.6.19 /home/valmiki/.npm/36621280-topojson-1-6-19.lock
29 silly lockFile 51a9435f-org-topojson-topojson-1-6-19-tgz https://registry.npmjs.org/topojson/-/topojson-1.6.19.tgz
30 verbose lock https://registry.npmjs.org/topojson/-/topojson-1.6.19.tgz /home/valmiki/.npm/51a9435f-org-topojson-topojson-1-6-19-tgz.lock
31 verbose addRemoteTarball [ 'https://registry.npmjs.org/topojson/-/topojson-1.6.19.tgz',
31 verbose addRemoteTarball   'da2286b2e259a62e1e2f684d775b9ef55e7ca2ca' ]
32 info retry fetch attempt 1 at 13:46:07
33 verbose fetch to= /home/valmiki/tmp/npm-3331-Ks0am22k/1433871967750-0.29030852555297315/tmp.tgz
34 http GET https://registry.npmjs.org/topojson/-/topojson-1.6.19.tgz
35 http 200 https://registry.npmjs.org/topojson/-/topojson-1.6.19.tgz
36 verbose tar unpack /home/valmiki/tmp/npm-3331-Ks0am22k/1433871967750-0.29030852555297315/tmp.tgz
37 silly lockFile 2ac533e6-7750-0-29030852555297315-package tar:///home/valmiki/tmp/npm-3331-Ks0am22k/1433871967750-0.29030852555297315/package
38 verbose lock tar:///home/valmiki/tmp/npm-3331-Ks0am22k/1433871967750-0.29030852555297315/package /home/valmiki/.npm/2ac533e6-7750-0-29030852555297315-package.lock
39 silly lockFile a92b90ce-7750-0-29030852555297315-tmp-tgz tar:///home/valmiki/tmp/npm-3331-Ks0am22k/1433871967750-0.29030852555297315/tmp.tgz
40 verbose lock tar:///home/valmiki/tmp/npm-3331-Ks0am22k/1433871967750-0.29030852555297315/tmp.tgz /home/valmiki/.npm/a92b90ce-7750-0-29030852555297315-tmp-tgz.lock
41 silly gunzTarPerm modes [ '755', '644' ]
42 silly gunzTarPerm extractEntry package.json
43 silly gunzTarPerm extractEntry .npmignore
44 silly gunzTarPerm extractEntry README.md
45 silly gunzTarPerm extractEntry LICENSE
46 silly gunzTarPerm extractEntry topojson.min.js
47 silly gunzTarPerm extractEntry index.js
48 silly gunzTarPerm extractEntry topojson.js
49 silly gunzTarPerm extractEntry bower.json
50 silly gunzTarPerm extractEntry Makefile
51 silly gunzTarPerm extractEntry lib/topojson/bounds.js
52 silly gunzTarPerm extractEntry lib/topojson/filter.js
53 silly gunzTarPerm extractEntry lib/topojson/geomify.js
54 silly gunzTarPerm extractEntry lib/topojson/merge-properties.js
55 silly gunzTarPerm extractEntry lib/topojson/post-quantize.js
56 silly gunzTarPerm extractEntry lib/topojson/delta.js
57 silly gunzTarPerm extractEntry lib/topojson/prune.js
58 silly gunzTarPerm extractEntry lib/topojson/quantize.js
59 silly gunzTarPerm extractEntry lib/topojson/scale.js
60 silly gunzTarPerm extractEntry lib/topojson/simplify.js
61 silly gunzTarPerm extractEntry lib/topojson/spherical.js
62 silly gunzTarPerm extractEntry lib/topojson/coordinate-systems.js
63 silly gunzTarPerm extractEntry lib/topojson/stitch.js
64 silly gunzTarPerm extractEntry lib/topojson/compute-id.js
65 silly gunzTarPerm extractEntry lib/topojson/transform-properties.js
66 silly gunzTarPerm extractEntry lib/topojson/clockwise.js
67 silly gunzTarPerm extractEntry lib/topojson/topology.js
68 silly gunzTarPerm extractEntry lib/topojson/cartesian.js
69 silly gunzTarPerm extractEntry lib/topojson/type.js
70 silly gunzTarPerm extractEntry lib/topojson/pre-quantize.js
71 silly gunzTarPerm extractEntry lib/topojson/topology/README.md
72 silly gunzTarPerm extractEntry lib/topojson/topology/cut.js
73 silly gunzTarPerm extractEntry lib/topojson/topology/dedup.js
74 silly gunzTarPerm extractEntry lib/topojson/topology/extract.js
75 silly gunzTarPerm extractEntry lib/topojson/topology/hashmap.js
76 silly gunzTarPerm extractEntry lib/topojson/topology/hashset.js
77 silly gunzTarPerm extractEntry lib/topojson/topology/index.js
78 silly gunzTarPerm extractEntry lib/topojson/topology/join.js
79 silly gunzTarPerm extractEntry lib/topojson/topology/point-equal.js
80 silly gunzTarPerm extractEntry lib/topojson/topology/point-hash.js
81 silly gunzTarPerm extractEntry bin/bower
82 silly gunzTarPerm extractEntry bin/package
83 silly gunzTarPerm extractEntry bin/topojson
84 silly gunzTarPerm extractEntry bin/topojson-geojson
85 silly gunzTarPerm extractEntry bin/topojson-group
86 silly gunzTarPerm extractEntry bin/topojson-merge
87 silly gunzTarPerm extractEntry bin/topojson-svg
88 silly gunzTarPerm extractEntry test/assert.js
89 silly gunzTarPerm extractEntry test/transform-properties-test.js
90 silly gunzTarPerm extractEntry test/geojson-command-test.js
91 silly gunzTarPerm extractEntry test/geomify-test.js
92 silly gunzTarPerm extractEntry test/filter-test.js
93 silly gunzTarPerm extractEntry test/merge-test.js
94 silly gunzTarPerm extractEntry test/bounds-test.js
95 silly gunzTarPerm extractEntry test/neighbors-test.js
96 silly gunzTarPerm extractEntry test/prequantize-test.js
97 silly gunzTarPerm extractEntry test/prune-test.js
98 silly gunzTarPerm extractEntry test/feature-test.js
99 silly gunzTarPerm extractEntry test/scale-test.js
100 silly gunzTarPerm extractEntry test/delta-test.js
101 silly gunzTarPerm extractEntry test/simplify-test.js
102 silly gunzTarPerm extractEntry test/compute-id-test.js
103 silly gunzTarPerm extractEntry test/spherical-ringArea-test.js
104 silly gunzTarPerm extractEntry test/clockwise-test.js
105 silly gunzTarPerm extractEntry test/topology-test.js
106 silly gunzTarPerm extractEntry test/cartesian-ringArea-test.js
107 silly gunzTarPerm extractEntry test/topojson-command-test.js
108 silly gunzTarPerm extractEntry test/merge-properties-test.js
109 silly gunzTarPerm extractEntry test/mesh-test.js
110 silly gunzTarPerm extractEntry test/topology/cut-test.js
111 silly gunzTarPerm extractEntry test/topology/dedup-test.js
112 silly gunzTarPerm extractEntry test/topology/extract-test.js
113 silly gunzTarPerm extractEntry test/topology/hashmap-test.js
114 silly gunzTarPerm extractEntry test/topology/hashset-test.js
115 silly gunzTarPerm extractEntry test/topology/index-test.js
116 silly gunzTarPerm extractEntry test/topology/join-test.js
117 silly gunzTarPerm extractEntry test/topojson/polygon.json
118 silly gunzTarPerm extractEntry test/topojson/empty-allowed.json
119 silly gunzTarPerm extractEntry test/topojson/polygon-counterclockwise.json
120 silly gunzTarPerm extractEntry test/topojson/polygon-mercator.json
121 silly gunzTarPerm extractEntry test/topojson/polygon-no-quantization.json
122 silly gunzTarPerm extractEntry test/topojson/empty.json
123 silly gunzTarPerm extractEntry test/topojson/properties-external-default-id.json
124 silly gunzTarPerm extractEntry test/topojson/properties-id-computed.json
125 silly gunzTarPerm extractEntry test/topojson/properties-id-fallback.json
126 silly gunzTarPerm extractEntry test/topojson/properties-number.json
127 silly gunzTarPerm extractEntry test/topojson/properties.json
128 silly gunzTarPerm extractEntry test/geojson/polygon-clockwise.json
129 silly gunzTarPerm extractEntry test/geojson/empty-multilinestring.json
130 silly gunzTarPerm extractEntry test/geojson/empty-multipolygon.json
131 silly gunzTarPerm extractEntry test/geojson/empty-multipolygon2.json
132 silly gunzTarPerm extractEntry test/geojson/empty-polygon.json
133 silly gunzTarPerm extractEntry test/geojson/no-properties.json
134 silly gunzTarPerm extractEntry test/geojson/empty-multipoint.json
135 silly gunzTarPerm extractEntry test/geojson/polygon-counterclockwise.json
136 silly gunzTarPerm extractEntry test/geojson/polygon-feature-mercator.json
137 silly gunzTarPerm extractEntry test/geojson/polygon-feature-rounded.json
138 silly gunzTarPerm extractEntry test/geojson/polygon-feature.json
139 silly gunzTarPerm extractEntry test/geojson/properties.json
140 silly gunzTarPerm extractEntry test/tsv/properties-external.tsv
141 silly gunzTarPerm extractEntry examples/README.md
142 silly gunzTarPerm extractEntry examples/us-10m.json
143 silly gunzTarPerm extractEntry examples/world-110m.json
144 silly gunzTarPerm extractEntry examples/world-50m.json
145 silly lockFile 2ac533e6-7750-0-29030852555297315-package tar:///home/valmiki/tmp/npm-3331-Ks0am22k/1433871967750-0.29030852555297315/package
146 silly lockFile 2ac533e6-7750-0-29030852555297315-package tar:///home/valmiki/tmp/npm-3331-Ks0am22k/1433871967750-0.29030852555297315/package
147 silly lockFile a92b90ce-7750-0-29030852555297315-tmp-tgz tar:///home/valmiki/tmp/npm-3331-Ks0am22k/1433871967750-0.29030852555297315/tmp.tgz
148 silly lockFile a92b90ce-7750-0-29030852555297315-tmp-tgz tar:///home/valmiki/tmp/npm-3331-Ks0am22k/1433871967750-0.29030852555297315/tmp.tgz
149 verbose tar pack [ '/home/valmiki/.npm/topojson/1.6.19/package.tgz',
149 verbose tar pack   '/home/valmiki/tmp/npm-3331-Ks0am22k/1433871967750-0.29030852555297315/package' ]
150 verbose tarball /home/valmiki/.npm/topojson/1.6.19/package.tgz
151 verbose folder /home/valmiki/tmp/npm-3331-Ks0am22k/1433871967750-0.29030852555297315/package
152 silly lockFile 2ac533e6-7750-0-29030852555297315-package tar:///home/valmiki/tmp/npm-3331-Ks0am22k/1433871967750-0.29030852555297315/package
153 verbose lock tar:///home/valmiki/tmp/npm-3331-Ks0am22k/1433871967750-0.29030852555297315/package /home/valmiki/.npm/2ac533e6-7750-0-29030852555297315-package.lock
154 silly lockFile ece0746e--npm-topojson-1-6-19-package-tgz tar:///home/valmiki/.npm/topojson/1.6.19/package.tgz
155 verbose lock tar:///home/valmiki/.npm/topojson/1.6.19/package.tgz /home/valmiki/.npm/ece0746e--npm-topojson-1-6-19-package-tgz.lock
156 silly lockFile 2ac533e6-7750-0-29030852555297315-package tar:///home/valmiki/tmp/npm-3331-Ks0am22k/1433871967750-0.29030852555297315/package
157 silly lockFile 2ac533e6-7750-0-29030852555297315-package tar:///home/valmiki/tmp/npm-3331-Ks0am22k/1433871967750-0.29030852555297315/package
158 silly lockFile ece0746e--npm-topojson-1-6-19-package-tgz tar:///home/valmiki/.npm/topojson/1.6.19/package.tgz
159 silly lockFile ece0746e--npm-topojson-1-6-19-package-tgz tar:///home/valmiki/.npm/topojson/1.6.19/package.tgz
160 silly lockFile 0a0de80b-miki-npm-topojson-1-6-19-package /home/valmiki/.npm/topojson/1.6.19/package
161 verbose lock /home/valmiki/.npm/topojson/1.6.19/package /home/valmiki/.npm/0a0de80b-miki-npm-topojson-1-6-19-package.lock
162 silly lockFile 0a0de80b-miki-npm-topojson-1-6-19-package /home/valmiki/.npm/topojson/1.6.19/package
163 silly lockFile 0a0de80b-miki-npm-topojson-1-6-19-package /home/valmiki/.npm/topojson/1.6.19/package
164 verbose tar unpack /home/valmiki/.npm/topojson/1.6.19/package.tgz
165 silly lockFile 2755aa5e-miki-npm-topojson-1-6-19-package tar:///home/valmiki/.npm/topojson/1.6.19/package
166 verbose lock tar:///home/valmiki/.npm/topojson/1.6.19/package /home/valmiki/.npm/2755aa5e-miki-npm-topojson-1-6-19-package.lock
167 silly lockFile ece0746e--npm-topojson-1-6-19-package-tgz tar:///home/valmiki/.npm/topojson/1.6.19/package.tgz
168 verbose lock tar:///home/valmiki/.npm/topojson/1.6.19/package.tgz /home/valmiki/.npm/ece0746e--npm-topojson-1-6-19-package-tgz.lock
169 silly gunzTarPerm modes [ '755', '644' ]
170 silly gunzTarPerm extractEntry package.json
171 silly gunzTarPerm extractEntry .npmignore
172 silly gunzTarPerm extractEntry README.md
173 silly gunzTarPerm extractEntry LICENSE
174 silly gunzTarPerm extractEntry topojson.js
175 silly gunzTarPerm extractEntry index.js
176 silly gunzTarPerm extractEntry topojson.min.js
177 silly gunzTarPerm extractEntry bower.json
178 silly gunzTarPerm extractEntry lib/topojson/bounds.js
179 silly gunzTarPerm extractEntry lib/topojson/filter.js
180 silly gunzTarPerm extractEntry lib/topojson/geomify.js
181 silly gunzTarPerm extractEntry lib/topojson/merge-properties.js
182 silly gunzTarPerm extractEntry lib/topojson/post-quantize.js
183 silly gunzTarPerm extractEntry lib/topojson/delta.js
184 silly gunzTarPerm extractEntry lib/topojson/prune.js
185 silly gunzTarPerm extractEntry lib/topojson/quantize.js
186 silly gunzTarPerm extractEntry lib/topojson/scale.js
187 silly gunzTarPerm extractEntry lib/topojson/simplify.js
188 silly gunzTarPerm extractEntry lib/topojson/spherical.js
189 silly gunzTarPerm extractEntry lib/topojson/coordinate-systems.js
190 silly gunzTarPerm extractEntry lib/topojson/stitch.js
191 silly gunzTarPerm extractEntry lib/topojson/compute-id.js
192 silly gunzTarPerm extractEntry lib/topojson/transform-properties.js
193 silly gunzTarPerm extractEntry lib/topojson/clockwise.js
194 silly gunzTarPerm extractEntry lib/topojson/topology.js
195 silly gunzTarPerm extractEntry lib/topojson/cartesian.js
196 silly gunzTarPerm extractEntry lib/topojson/type.js
197 silly gunzTarPerm extractEntry lib/topojson/pre-quantize.js
198 silly gunzTarPerm extractEntry lib/topojson/topology/README.md
199 silly gunzTarPerm extractEntry lib/topojson/topology/cut.js
200 silly gunzTarPerm extractEntry lib/topojson/topology/dedup.js
201 silly gunzTarPerm extractEntry lib/topojson/topology/extract.js
202 silly gunzTarPerm extractEntry lib/topojson/topology/hashmap.js
203 silly gunzTarPerm extractEntry lib/topojson/topology/hashset.js
204 silly gunzTarPerm extractEntry lib/topojson/topology/index.js
205 silly gunzTarPerm extractEntry lib/topojson/topology/join.js
206 silly gunzTarPerm extractEntry lib/topojson/topology/point-equal.js
207 silly gunzTarPerm extractEntry lib/topojson/topology/point-hash.js
208 silly gunzTarPerm extractEntry bin/bower
209 silly gunzTarPerm extractEntry bin/package
210 silly gunzTarPerm extractEntry bin/topojson
211 silly gunzTarPerm extractEntry bin/topojson-geojson
212 silly gunzTarPerm extractEntry bin/topojson-group
213 silly gunzTarPerm extractEntry bin/topojson-merge
214 silly gunzTarPerm extractEntry bin/topojson-svg
215 silly gunzTarPerm extractEntry test/assert.js
216 silly gunzTarPerm extractEntry test/transform-properties-test.js
217 silly gunzTarPerm extractEntry test/geojson-command-test.js
218 silly gunzTarPerm extractEntry test/geomify-test.js
219 silly gunzTarPerm extractEntry test/filter-test.js
220 silly gunzTarPerm extractEntry test/merge-test.js
221 silly gunzTarPerm extractEntry test/bounds-test.js
222 silly gunzTarPerm extractEntry test/neighbors-test.js
223 silly gunzTarPerm extractEntry test/prequantize-test.js
224 silly gunzTarPerm extractEntry test/prune-test.js
225 silly gunzTarPerm extractEntry test/feature-test.js
226 silly gunzTarPerm extractEntry test/scale-test.js
227 silly gunzTarPerm extractEntry test/delta-test.js
228 silly gunzTarPerm extractEntry test/simplify-test.js
229 silly gunzTarPerm extractEntry test/compute-id-test.js
230 silly gunzTarPerm extractEntry test/spherical-ringArea-test.js
231 silly gunzTarPerm extractEntry test/clockwise-test.js
232 silly gunzTarPerm extractEntry test/topology-test.js
233 silly gunzTarPerm extractEntry test/cartesian-ringArea-test.js
234 silly gunzTarPerm extractEntry test/topojson-command-test.js
235 silly gunzTarPerm extractEntry test/merge-properties-test.js
236 silly gunzTarPerm extractEntry test/mesh-test.js
237 silly gunzTarPerm extractEntry test/topology/cut-test.js
238 silly gunzTarPerm extractEntry test/topology/dedup-test.js
239 silly gunzTarPerm extractEntry test/topology/extract-test.js
240 silly gunzTarPerm extractEntry test/topology/hashmap-test.js
241 silly gunzTarPerm extractEntry test/topology/hashset-test.js
242 silly gunzTarPerm extractEntry test/topology/index-test.js
243 silly gunzTarPerm extractEntry test/topology/join-test.js
244 silly gunzTarPerm extractEntry test/topojson/polygon.json
245 silly gunzTarPerm extractEntry test/topojson/empty-allowed.json
246 silly gunzTarPerm extractEntry test/topojson/polygon-counterclockwise.json
247 silly gunzTarPerm extractEntry test/topojson/polygon-mercator.json
248 silly gunzTarPerm extractEntry test/topojson/polygon-no-quantization.json
249 silly gunzTarPerm extractEntry test/topojson/empty.json
250 silly gunzTarPerm extractEntry test/topojson/properties-external-default-id.json
251 silly gunzTarPerm extractEntry test/topojson/properties-id-computed.json
252 silly gunzTarPerm extractEntry test/topojson/properties-id-fallback.json
253 silly gunzTarPerm extractEntry test/topojson/properties-number.json
254 silly gunzTarPerm extractEntry test/topojson/properties.json
255 silly gunzTarPerm extractEntry test/geojson/polygon-clockwise.json
256 silly gunzTarPerm extractEntry test/geojson/empty-multilinestring.json
257 silly gunzTarPerm extractEntry test/geojson/empty-multipolygon.json
258 silly gunzTarPerm extractEntry test/geojson/empty-multipolygon2.json
259 silly gunzTarPerm extractEntry test/geojson/empty-polygon.json
260 silly gunzTarPerm extractEntry test/geojson/no-properties.json
261 silly gunzTarPerm extractEntry test/geojson/empty-multipoint.json
262 silly gunzTarPerm extractEntry test/geojson/polygon-counterclockwise.json
263 silly gunzTarPerm extractEntry test/geojson/polygon-feature-mercator.json
264 silly gunzTarPerm extractEntry test/geojson/polygon-feature-rounded.json
265 silly gunzTarPerm extractEntry test/geojson/polygon-feature.json
266 silly gunzTarPerm extractEntry test/geojson/properties.json
267 silly gunzTarPerm extractEntry test/tsv/properties-external.tsv
268 silly gunzTarPerm extractEntry Makefile
269 silly gunzTarPerm extractEntry examples/README.md
270 silly gunzTarPerm extractEntry examples/us-10m.json
271 silly gunzTarPerm extractEntry examples/world-110m.json
272 silly gunzTarPerm extractEntry examples/world-50m.json
273 silly lockFile 2755aa5e-miki-npm-topojson-1-6-19-package tar:///home/valmiki/.npm/topojson/1.6.19/package
274 silly lockFile 2755aa5e-miki-npm-topojson-1-6-19-package tar:///home/valmiki/.npm/topojson/1.6.19/package
275 silly lockFile ece0746e--npm-topojson-1-6-19-package-tgz tar:///home/valmiki/.npm/topojson/1.6.19/package.tgz
276 silly lockFile ece0746e--npm-topojson-1-6-19-package-tgz tar:///home/valmiki/.npm/topojson/1.6.19/package.tgz
277 verbose chmod /home/valmiki/.npm/topojson/1.6.19/package.tgz 644
278 verbose chown /home/valmiki/.npm/topojson/1.6.19/package.tgz [ 1000, 1000 ]
279 silly lockFile 51a9435f-org-topojson-topojson-1-6-19-tgz https://registry.npmjs.org/topojson/-/topojson-1.6.19.tgz
280 silly lockFile 51a9435f-org-topojson-topojson-1-6-19-tgz https://registry.npmjs.org/topojson/-/topojson-1.6.19.tgz
281 silly lockFile 36621280-topojson-1-6-19 topojson@1.6.19
282 silly lockFile 36621280-topojson-1-6-19 topojson@1.6.19
283 silly lockFile 7edf76d6-topojson topojson@
284 silly lockFile 7edf76d6-topojson topojson@
285 silly resolved [ { name: 'topojson',
285 silly resolved     version: '1.6.19',
285 silly resolved     description: 'An extension to GeoJSON that encodes topology.',
285 silly resolved     keywords: [ 'geojson', 'shapefile' ],
285 silly resolved     author: { name: 'Mike Bostock', url: 'http://bost.ocks.org/mike' },
285 silly resolved     repository: { type: 'git', url: 'https://github.com/mbostock/topojson.git' },
285 silly resolved     main: 'index.js',
285 silly resolved     browser: 'topojson.js',
285 silly resolved     dependencies:
285 silly resolved      { d3: '3',
285 silly resolved        'd3-geo-projection': '0.2',
285 silly resolved        optimist: '0.3',
285 silly resolved        'queue-async': '1.0',
285 silly resolved        rw: '0.1',
285 silly resolved        shapefile: '0.3' },
285 silly resolved     devDependencies:
285 silly resolved      { vows: '0.7',
285 silly resolved        'uglify-js': '2',
285 silly resolved        'us-atlas': '0.0',
285 silly resolved        'world-atlas': '0.0' },
285 silly resolved     bin:
285 silly resolved      { topojson: './bin/topojson',
285 silly resolved        'topojson-geojson': './bin/topojson-geojson',
285 silly resolved        'topojson-group': './bin/topojson-group',
285 silly resolved        'topojson-merge': './bin/topojson-merge',
285 silly resolved        'topojson-svg': './bin/topojson-svg' },
285 silly resolved     scripts: { test: 'vows; echo' },
285 silly resolved     readme: '# TopoJSON\n\n**TopoJSON** is an extension of GeoJSON that encodes topology. Rather than representing geometries discretely, geometries in TopoJSON files are stitched together from shared line segments called *arcs*. TopoJSON eliminates redundancy, offering much more compact representations of geometry than with GeoJSON; typical TopoJSON files are 80% smaller than their GeoJSON equivalents. In addition, TopoJSON facilitates applications that use topology, such as [topology-preserving shape simplification](http://bost.ocks.org/mike/simplify/), [automatic map coloring](http://bl.ocks.org/4188334), and [cartograms](http://prag.ma/code/d3-cartogram/).\n\nWant to learn more? [See the wiki.](https://github.com/mbostock/topojson/wiki)\n',
285 silly resolved     readmeFilename: 'README.md',
285 silly resolved     bugs: { url: 'https://github.com/mbostock/topojson/issues' },
285 silly resolved     _id: 'topojson@1.6.19',
285 silly resolved     dist: { shasum: 'd2e9b126b7a924bd5315d95ba4d73522409703ed' },
285 silly resolved     _from: 'topojson@',
285 silly resolved     _resolved: 'https://registry.npmjs.org/topojson/-/topojson-1.6.19.tgz' } ]
286 info install topojson@1.6.19 into /usr/local/lib
287 info installOne topojson@1.6.19
288 info /usr/local/lib/node_modules/topojson unbuild
289 verbose tar unpack /home/valmiki/.npm/topojson/1.6.19/package.tgz
290 silly lockFile 48c3cdf9--local-lib-node-modules-topojson tar:///usr/local/lib/node_modules/topojson
291 verbose lock tar:///usr/local/lib/node_modules/topojson /home/valmiki/.npm/48c3cdf9--local-lib-node-modules-topojson.lock
292 silly lockFile ece0746e--npm-topojson-1-6-19-package-tgz tar:///home/valmiki/.npm/topojson/1.6.19/package.tgz
293 verbose lock tar:///home/valmiki/.npm/topojson/1.6.19/package.tgz /home/valmiki/.npm/ece0746e--npm-topojson-1-6-19-package-tgz.lock
294 silly gunzTarPerm modes [ '755', '644' ]
295 error Error: EACCES, mkdir '/usr/local/lib/node_modules/topojson'
295 error  { [Error: EACCES, mkdir '/usr/local/lib/node_modules/topojson']
295 error   errno: 3,
295 error   code: 'EACCES',
295 error   path: '/usr/local/lib/node_modules/topojson',
295 error   fstream_type: 'Directory',
295 error   fstream_path: '/usr/local/lib/node_modules/topojson',
295 error   fstream_class: 'DirWriter',
295 error   fstream_stack:
295 error    [ '/usr/lib/nodejs/fstream/lib/dir-writer.js:36:23',
295 error      '/usr/lib/nodejs/mkdirp/index.js:37:53',
295 error      'Object.oncomplete (fs.js:107:15)' ] }
296 error Please try running this command again as root/Administrator.
297 error System Linux 3.13.0-53-generic
298 error command "/usr/bin/nodejs" "/usr/bin/npm" "install" "-g" "topojson"
299 error cwd /home/valmiki/Documents/bkamapantula.github.io/ed
300 error node -v v0.10.25
301 error npm -v 1.3.10
302 error path /usr/local/lib/node_modules/topojson
303 error fstream_path /usr/local/lib/node_modules/topojson
304 error fstream_type Directory
305 error fstream_class DirWriter
306 error code EACCES
307 error errno 3
308 error stack Error: EACCES, mkdir '/usr/local/lib/node_modules/topojson'
309 error fstream_stack /usr/lib/nodejs/fstream/lib/dir-writer.js:36:23
309 error fstream_stack /usr/lib/nodejs/mkdirp/index.js:37:53
309 error fstream_stack Object.oncomplete (fs.js:107:15)
310 verbose exit [ 3, true ]
